[INFO][jwt.go:25]2018/11/09 15:09:17 [token is expired by 18h22m7s]
[INFO][jwt.go:25]2018/11/09 15:18:42 [token is expired by 18h31m32s]
[INFO][auth.go:45]2018/11/12 17:29:44 [Username.Required ]
[INFO][auth.go:45]2018/11/12 17:29:44 [Password.Required ]
[INFO][auth.go:45]2018/11/12 17:29:50 [Username.Required ]
[INFO][auth.go:45]2018/11/12 17:29:50 [Password.Required ]
[INFO][auth.go:45]2018/11/12 17:44:40 [Username.Required ]
[INFO][auth.go:45]2018/11/12 17:44:40 [Password.Required ]
[INFO][article.go:189]2018/11/15 14:15:44 [modified_by ]
[INFO][jwt.go:25]2018/11/15 14:31:11 [token is expired by 1m30s]
[INFO][jwt.go:25]2018/11/15 14:31:12 [token is expired by 1m31s]
[INFO][jwt.go:25]2018/11/15 14:31:13 [token is expired by 1m32s]
[INFO][jwt.go:25]2018/11/15 14:31:13 [token is expired by 1m32s]
[INFO][jwt.go:25]2018/11/15 14:31:13 [token is expired by 1m32s]
[INFO][jwt.go:25]2018/11/15 14:31:13 [token is expired by 1m32s]
[INFO][jwt.go:25]2018/11/15 14:32:33 [token is expired by 2m52s]
[INFO][jwt.go:25]2018/11/16 10:11:40 [token is expired by 16h39m59s]
[INFO][jwt.go:25]2018/11/16 11:36:29 [token is expired by 21h6m48s]
[INFO][jwt.go:25]2018/11/16 13:48:54 [token is expired by 37m53s]
[INFO][jwt.go:25]2018/11/16 18:38:23 [token is expired by 1h49m10s]
[INFO][jwt.go:25]2018/11/16 18:39:41 [token is expired by 1h50m28s]
[INFO][jwt.go:25]2018/11/16 18:44:06 [token is expired by 1h54m53s]
